**********************
Windows PowerShell transcript start
Start time: 20161101105715
Username: JUMPHOST01\Kyle
RunAs User: JUMPHOST01\Kyle
Machine: JUMPHOST01 (Microsoft Windows NT 10.0.14393.0)
Host Application: C:\WINDOWS\System32\WindowsPowerShell\v1.0\powershell.EXE -file C:\Users\Kyle\Documents\tado_smart_thermostat\tado_smart_thermostat.ps1
Process ID: 4720
PSVersion: 5.1.14393.206
PSEdition: Desktop
PSCompatibleVersions: 1.0, 2.0, 3.0, 4.0, 5.0, 5.1.14393.206
BuildVersion: 10.0.14393.206
CLRVersion: 4.0.30319.42000
WSManStackVersion: 3.0
PSRemotingProtocolVersion: 2.3
SerializationVersion: 1.1.0.1
**********************
2016-11-01 10:57:15 : LoggedOutput | google_sheets_api_v4_get | SUCCESS
2016-11-01 10:57:16 : LoggedOutput | tado_api_v2_get_me | SUCCESS
2016-11-01 10:57:18 : LoggedOutput | tado_api_v2_get_homeinfo | SUCCESS
2016-11-01 10:57:19 : LoggedOutput | tado_api_v2_get_state | SUCCESS
2016-11-01 10:57:21 : LoggedOutput | tado_api_v2_put | OK | Update not required
**********************
Windows PowerShell transcript end
End time: 20161101105721
**********************
